-Start-
[0;33m
2016-01-20[0m[0;36m           Daniel 7-8a stuff to dump
[0m[0;31mDeleted!
[0m[0;33m
2016-01-21[0m[0;36m           Daniel 9p-8a night shift take kids thurs am?
[0m[0;31mDeleted!
[0m[0;33m
2016-01-22[0m[0;36m           Daniel take kids to school 7am
[0m[0;31mDeleted!
[0m[0;33m
2016-01-24[0m[0;36m           Daniel 10p-6a night shift Monday/Tuesday take kids to school
[0m[0;31mDeleted!
[0m[0;33m
2016-01-24[0m[0;36m           7:00pm International Sunday Daniel Beka Chrisy Naomi Nicole
[0m[0;31mDeleted!
[0m[0;33m
2016-01-27[0m[0;36m           Daniel off
[0m[0;31mDeleted!
[0m[0;33m
2016-01-28[0m[0;36m           Daniel 2-10p P/U NF,NE, CJ n Beka
[0m[0;31mDeleted!
[0m[0;33m
2016-01-29[0m[0;36m           Daniel 2-10p
[0m[0;31mDeleted!
[0m[0;33m
2016-01-30[0m[0;36m           Daniel 10a -9p
[0m[0;31mDeleted!
[0m[0;33m
2016-01-31[0m[0;36m           Daniel 2-9p
[0m[0;31mDeleted!
[0m[0;33m
2016-02-20[0m[0;36m           Daniel 3-10p
[0m[0;31mDeleted!
[0m[0;33m
2016-02-21[0m[0;36m           Daniel 1-8p
[0m[0;31mDeleted!
[0m[0;33m
2016-02-22[0m[0;36m           Daniel Off
[0m[0;31mDeleted!
[0m[0;33m
2016-02-23[0m[0;36m           Daniel 2-9p
[0m[0;31mDeleted!
[0m[0;33m
2016-02-23[0m[0;36m           Daniel 2-10
[0m[0;31mDeleted!
[0m[0;33m
2016-02-24[0m[0;36m           Daniel 3-9p
[0m[0;31mDeleted!
[0m[0;33m
2016-02-25[0m[0;36m           Daniel 2-10
[0m[0;31mDeleted!
[0m[0;33m
2016-02-26[0m[0;36m           Daniel 2-10
[0m[0;31mDeleted!
[0m[0;33m
2016-02-27[0m[0;36m           Daniel 10-8p
[0m[0;31mDeleted!
[0m[0;33m
2016-02-29[0m[0;36m           Daniel Off
[0m[0;31mDeleted!
[0m[0;33m
2016-03-21[0m[0;36m           Daniel Off
[0m[0;31mDeleted!
[0m[0;33m
2016-03-23[0m[0;36m           Daniel Off
[0m[0;31mDeleted!
[0m[0;33m
2016-03-28[0m[0;36m           Daniel Off
[0m[0;31mDeleted!
[0m[0;33m
2016-03-30[0m[0;36m           Daniel Off
[0m[0;31mDeleted!
[0m[0;33m
2016-04-20[0m[0;36m           Daniel Off
[0m[0;31mDeleted!
[0m[0;33m
2016-04-25[0m[0;36m           Daniel Off
[0m[0;31mDeleted!
[0m
Adding----2016-01-20 Daniel 7-8a stuff to dump
Adding----2016-01-21 Daniel 9p-8a night shift take kids thurs am?
Adding----2016-01-22 Daniel take kids to school 7am
Adding----2016-01-24 Daniel 10p-6a night shift Monday/Tuesday take kids to school
Adding----2016-01-24 7:00pm International Sunday Daniel Beka Chrisy Naomi Nicole
Adding----2016-01-27 Daniel off
Adding----2016-01-28 Daniel 2-10p P/U NF,NE, CJ n Beka
Adding----2016-01-29 Daniel 2-10p
Adding----2016-01-30 Daniel 10a -9p
Adding----2016-01-31 Daniel 2-9p
Adding----2016-02-20 Daniel 3-10p
Adding----2016-02-21 Daniel 1-8p
Adding----2016-02-22 Daniel Off
Adding----2016-02-23 Daniel 2-9p
Adding----2016-02-23 Daniel 2-10
Adding----2016-02-24 Daniel 3-9p
Adding----2016-02-25 Daniel 2-10
Adding----2016-02-26 Daniel 2-10
Adding----2016-02-27 Daniel 10-8p
Adding----2016-02-29 Daniel Off
Adding----2016-03-21 Daniel Off
Adding----2016-03-23 Daniel Off
Adding----2016-03-28 Daniel Off
Adding----2016-03-30 Daniel Off
Adding----2016-04-20 Daniel Off
Adding----2016-04-25 Daniel Off
Adding----2016-04-27 Daniel Off
Adding----2016-05-23 Daniel Off
Adding----2016-05-25 Daniel Off
